Der Buildvorgang wurde am 15.10.2015 14:47:04 gestartet.
     1>Projekt "D:\SCU1516\SwDev5te\Pointer2\Pointer2.vcxproj" auf Knoten "2", build Ziel(e).
     1>InitializeBuildStatus:
         "Debug\Pointer2.unsuccessfulbuild" wird erstellt, da "AlwaysCreate" angegeben wurde.
       ClCompile:
         Alle Ausgaben sind aktuell.
         C:\Program Files (x86)\Microsoft Visual Studio 10.0\VC\bin\CL.exe /c /ZI /nologo /W3 /WX- /Od /Oy- /D WIN32 /D _DEBUG /D _CONSOLE /D _UNICODE /D UNICODE /Gm /EHsc /RTC1 /MDd /GS /fp:precise /Zc:wchar_t /Zc:forScope /Yu"StdAfx.h" /Fp"Debug\Pointer2.pch" /Fo"Debug\\" /Fd"Debug\vc100.pdb" /Gd /TP /analyze- /errorReport:prompt PointerAndClass.cpp
         PointerAndClass.cpp
     1>d:\scu1516\swdev5te\pointer2\pointerandclass.cpp(16): warning C4996: 'strcpy': This function or variable may be unsafe. Consider using strcpy_s instead. To disable deprecation, use _CRT_SECURE_NO_WARNINGS. See online help for details.
                 c:\program files (x86)\microsoft visual studio 10.0\vc\include\string.h(105): Siehe Deklaration von 'strcpy'
     1>d:\scu1516\swdev5te\pointer2\pointerandclass.cpp(21): warning C4996: 'strcpy': This function or variable may be unsafe. Consider using strcpy_s instead. To disable deprecation, use _CRT_SECURE_NO_WARNINGS. See online help for details.
                 c:\program files (x86)\microsoft visual studio 10.0\vc\include\string.h(105): Siehe Deklaration von 'strcpy'
       ManifestResourceCompile:
         Alle Ausgaben sind aktuell.
       Link:
         C:\Program Files (x86)\Microsoft Visual Studio 10.0\VC\bin\link.exe /ERRORREPORT:PROMPT /OUT:"D:\SCU1516\SwDev5te\Pointer2\Debug\Pointer2.exe" /INCREMENTAL /NOLOGO kernel32.lib user32.lib gdi32.lib winspool.lib comdlg32.lib advapi32.lib shell32.lib ole32.lib oleaut32.lib uuid.lib odbc32.lib odbccp32.lib /MANIFEST /ManifestFile:"Debug\Pointer2.exe.intermediate.manifest" /MANIFESTUAC:"level='asInvoker' uiAccess='false'" /DEBUG /PDB:"D:\SCU1516\SwDev5te\Pointer2\Debug\Pointer2.pdb" /SUBSYSTEM:CONSOLE /TLBID:1 /DYNAMICBASE /NXCOMPAT /IMPLIB:"D:\SCU1516\SwDev5te\Pointer2\Debug\Pointer2.lib" /MACHINE:X86 Debug\Pointer2.exe.embed.manifest.res
         Debug\PointerAndClass.obj
         Debug\stdafx.obj
       Manifest:
         C:\Program Files (x86)\Microsoft SDKs\Windows\v7.0A\bin\mt.exe /nologo /verbose /out:"Debug\Pointer2.exe.embed.manifest" /manifest Debug\Pointer2.exe.intermediate.manifest
         Alle Ausgaben sind aktuell.
       LinkEmbedManifest:
         Alle Ausgaben sind aktuell.
         Pointer2.vcxproj -> D:\SCU1516\SwDev5te\Pointer2\Debug\Pointer2.exe
       FinalizeBuildStatus:
         Die Datei "Debug\Pointer2.unsuccessfulbuild" wird gelöscht.
         Aktualisieren des Timestamps von "Debug\Pointer2.lastbuildstate".
     1>Die Erstellung des Projekts "D:\SCU1516\SwDev5te\Pointer2\Pointer2.vcxproj" ist abgeschlossen, build Ziel(e).

Das Erstellen war erfolgreich.

Verstrichene Zeit 00:00:00.49
