D:\SCU1516\SwDev5te\Pointer2\Debug\cl.command.1.tlog
D:\SCU1516\SwDev5te\Pointer2\Debug\CL.read.1.tlog
D:\SCU1516\SwDev5te\Pointer2\Debug\CL.write.1.tlog
D:\SCU1516\SwDev5te\Pointer2\Debug\link.8900.read.1.tlog
D:\SCU1516\SwDev5te\Pointer2\Debug\link.8900.write.1.tlog
D:\SCU1516\SwDev5te\Pointer2\Debug\link.8900-cvtres.read.1.tlog
D:\SCU1516\SwDev5te\Pointer2\Debug\link.8900-cvtres.write.1.tlog
D:\SCU1516\SwDev5te\Pointer2\Debug\link.command.1.tlog
D:\SCU1516\SwDev5te\Pointer2\Debug\link.read.1.tlog
D:\SCU1516\SwDev5te\Pointer2\Debug\link.write.1.tlog
D:\SCU1516\SwDev5te\Pointer2\Debug\link-cvtres.read.1.tlog
D:\SCU1516\SwDev5te\Pointer2\Debug\link-cvtres.write.1.tlog
D:\SCU1516\SWDEV5TE\POINTER2\DEBUG\MPOINTERDEMO1.OBJ
D:\SCU1516\SwDev5te\Pointer2\Debug\mt.command.1.tlog
D:\SCU1516\SwDev5te\Pointer2\Debug\mt.read.1.tlog
D:\SCU1516\SwDev5te\Pointer2\Debug\mt.write.1.tlog
D:\SCU1516\SWDEV5TE\POINTER2\DEBUG\POINTER2.EXE
D:\SCU1516\SWDEV5TE\POINTER2\DEBUG\POINTER2.EXE.EMBED.MANIFEST
D:\SCU1516\SWDEV5TE\POINTER2\DEBUG\POINTER2.EXE.EMBED.MANIFEST.RES
D:\SCU1516\SWDEV5TE\POINTER2\DEBUG\POINTER2.EXE.INTERMEDIATE.MANIFEST
D:\SCU1516\SWDEV5TE\POINTER2\DEBUG\POINTER2.ILK
D:\SCU1516\SWDEV5TE\POINTER2\DEBUG\POINTER2.PCH
D:\SCU1516\SWDEV5TE\POINTER2\DEBUG\POINTER2.PDB
D:\SCU1516\SwDev5te\Pointer2\Debug\Pointer2.vcxprojResolveAssemblyReference.cache
D:\SCU1516\SwDev5te\Pointer2\Debug\Pointer2.write.1.tlog
D:\SCU1516\SwDev5te\Pointer2\Debug\Pointer2_manifest.rc
D:\SCU1516\SwDev5te\Pointer2\Debug\rc.command.1.tlog
D:\SCU1516\SwDev5te\Pointer2\Debug\rc.read.1.tlog
D:\SCU1516\SwDev5te\Pointer2\Debug\rc.write.1.tlog
D:\SCU1516\SWDEV5TE\POINTER2\DEBUG\STDAFX.OBJ
D:\SCU1516\SwDev5te\Pointer2\Debug\vc100.idb
D:\SCU1516\SWDEV5TE\POINTER2\DEBUG\VC100.PDB
