d:\scu1516\swdev5te\pointer\debug\mpointerdemo1.obj
d:\scu1516\swdev5te\pointer\debug\vc100.pdb
d:\scu1516\swdev5te\pointer\debug\prj.ilk
d:\scu1516\swdev5te\pointer\debug\prj.exe
d:\scu1516\swdev5te\pointer\debug\prj.exe.intermediate.manifest
d:\scu1516\swdev5te\pointer\debug\prj.pdb
d:\scu1516\swdev5te\pointer\debug\prj.exe.embed.manifest
d:\scu1516\swdev5te\pointer\debug\prj.exe.embed.manifest.res
d:\projects\schule\swdv\datastruct\pointer\debug\vc141.pdb
d:\projects\schule\swdv\datastruct\pointer\debug\vc141.idb
d:\projects\schule\swdv\datastruct\pointer\debug\mpointerdemo1.obj
d:\projects\schule\swdv\datastruct\pointer\debug\prj.vcxprojresolveassemblyreference.cache
d:\projects\schule\swdv\datastruct\pointer\debug\basiclinkedlist.obj
d:\projects\schule\swdv\datastruct\pointer\debug\cl.command.1.tlog
d:\projects\schule\swdv\datastruct\pointer\debug\cl.read.1.tlog
d:\projects\schule\swdv\datastruct\pointer\debug\cl.write.1.tlog
d:\projects\schule\swdv\datastruct\pointer\debug\link-cvtres.read.1.tlog
d:\projects\schule\swdv\datastruct\pointer\debug\link-cvtres.write.1.tlog
d:\projects\schule\swdv\datastruct\pointer\debug\link.command.1.tlog
d:\projects\schule\swdv\datastruct\pointer\debug\link.read.1.tlog
d:\projects\schule\swdv\datastruct\pointer\debug\link.write.1.tlog
d:\projects\schule\swdv\datastruct\pointer\debug\mt.command.1.tlog
d:\projects\schule\swdv\datastruct\pointer\debug\mt.read.1.tlog
d:\projects\schule\swdv\datastruct\pointer\debug\mt.write.1.tlog
d:\projects\schule\swdv\datastruct\pointer\debug\prj.write.1.tlog
d:\projects\schule\swdv\datastruct\pointer\debug\rc.command.1.tlog
d:\projects\schule\swdv\datastruct\pointer\debug\rc.read.1.tlog
d:\projects\schule\swdv\datastruct\pointer\debug\rc.write.1.tlog
d:\projects\schule\swdv\datastruct\pointer\debug\prj.exe.embed.manifest
d:\projects\schule\swdv\datastruct\pointer\debug\prj.exe.intermediate.manifest
d:\projects\schule\swdv\datastruct\pointer\debug\prj.exe.embed.manifest.res
d:\projects\schule\swdv\datastruct\pointer\debug\vc100.idb
d:\projects\schule\swdv\datastruct\pointer\debug\vc80.idb
d:\projects\schule\swdv\datastruct\pointer\debug\prj.pdb
d:\projects\schule\swdv\datastruct\pointer\debug\vc100.pdb
d:\projects\schule\swdv\datastruct\pointer\debug\vc80.pdb
d:\projects\schule\swdv\datastruct\pointer\debug\prj_manifest.rc
d:\projects\schule\swdv\datastruct\pointer\debug\prj.tlog\cl.command.1.tlog
d:\projects\schule\swdv\datastruct\pointer\debug\prj.tlog\cl.read.1.tlog
d:\projects\schule\swdv\datastruct\pointer\debug\prj.tlog\cl.write.1.tlog
d:\projects\schule\swdv\datastruct\pointer\debug\prj.tlog\link-cvtres.read.1.tlog
d:\projects\schule\swdv\datastruct\pointer\debug\prj.tlog\link-cvtres.write.1.tlog
d:\projects\schule\swdv\datastruct\pointer\debug\prj.tlog\link-rc.read.1.tlog
d:\projects\schule\swdv\datastruct\pointer\debug\prj.tlog\link-rc.write.1.tlog
d:\projects\schule\swdv\datastruct\pointer\debug\prj.tlog\link.command.1.tlog
d:\projects\schule\swdv\datastruct\pointer\debug\prj.tlog\link.read.1.tlog
d:\projects\schule\swdv\datastruct\pointer\debug\prj.tlog\link.write.1.tlog
